生成启动时间为 2016/4/22 15:11:29。
     1>项目“D:\OPENCV3\lianxi\jcshili\jcshili\jcshili.vcxproj”在节点 2 上(build 个目标)。
     1>InitializeBuildStatus:
         正在创建“x64\Debug\jcshili.unsuccessfulbuild”，因为已指定“AlwaysCreate”。
       ClCompile:
         所有输出均为最新。
         所有输出均为最新。
       ResourceCompile:
         C:\Program Files (x86)\Microsoft SDKs\Windows\v7.0A\bin\rc.exe /D _DEBUG /D _AFXDLL /l"0x0804" /Ix64\Debug\ /nologo /fo"x64\Debug\jcshili.res" jcshili.rc 
       ManifestResourceCompile:
         所有输出均为最新。
       Link:
         D:\vc++\VS2010-CH-（破解版）\VC\bin\x86_amd64\link.exe /ERRORREPORT:PROMPT /OUT:"D:\OPENCV3\lianxi\jcshili\x64\Debug\jcshili.exe" /INCREMENTAL /NOLOGO opencv_ts300.lib opencv_world300.lib /MANIFEST /ManifestFile:"x64\Debug\jcshili.exe.intermediate.manifest" /MANIFESTUAC:"level='asInvoker' uiAccess='false'" /DEBUG /PDB:"D:\OPENCV3\lianxi\jcshili\x64\Debug\jcshili.pdb" /SUBSYSTEM:WINDOWS /TLBID:1 /DYNAMICBASE /NXCOMPAT /IMPLIB:"D:\OPENCV3\lianxi\jcshili\x64\Debug\jcshili.lib" /MACHINE:X64 x64\Debug\jcshili.res
         x64\Debug\jcshili.exe.embed.manifest.res
         x64\Debug\BtnST.obj
         x64\Debug\SXBtn.obj
         x64\Debug\jcshili.obj
         x64\Debug\jcshiliDlg.obj
         x64\Debug\MFCClass.obj
         x64\Debug\stdafx.obj
         jcshili.vcxproj -> D:\OPENCV3\lianxi\jcshili\x64\Debug\jcshili.exe
       Manifest:
         C:\Program Files (x86)\Microsoft SDKs\Windows\v7.0A\bin\mt.exe /nologo /verbose /out:"x64\Debug\jcshili.exe.embed.manifest" /manifest x64\Debug\jcshili.exe.intermediate.manifest "D:\vc++\VS2010-CH-（破解版）\VC\Include\Manifest\dpiaware.manifest"
         所有输出均为最新。
       LinkEmbedManifest:
         所有输出均为最新。
         jcshili.vcxproj -> D:\OPENCV3\lianxi\jcshili\x64\Debug\jcshili.exe
       FinalizeBuildStatus:
         正在删除文件“x64\Debug\jcshili.unsuccessfulbuild”。
         正在对“x64\Debug\jcshili.lastbuildstate”执行 Touch 任务。
     1>已完成生成项目“D:\OPENCV3\lianxi\jcshili\jcshili\jcshili.vcxproj”(build 个目标)的操作。

生成成功。

已用时间 00:00:01.35
